[framework] 2018-12-11 19:41:12,424 - io.netty.util.internal.logging.InternalLoggerFactory -1    [main] DEBUG io.netty.util.internal.logging.InternalLoggerFactory  - Using SLF4J as the default logging framework
[framework] 2018-12-11 19:41:12,431 - io.netty.channel.MultithreadEventLoopGroup -8    [main] DEBUG io.netty.channel.MultithreadEventLoopGroup  - -Dio.netty.eventLoopThreads: 8
[framework] 2018-12-11 19:41:12,477 - io.netty.util.internal.PlatformDependent0 -54   [main] DEBUG io.netty.util.internal.PlatformDependent0  - java.nio.Buffer.address: available
[framework] 2018-12-11 19:41:12,478 - io.netty.util.internal.PlatformDependent0 -55   [main] DEBUG io.netty.util.internal.PlatformDependent0  - sun.misc.Unsafe.theUnsafe: available
[framework] 2018-12-11 19:41:12,478 - io.netty.util.internal.PlatformDependent0 -55   [main] DEBUG io.netty.util.internal.PlatformDependent0  - sun.misc.Unsafe.copyMemory: available
[framework] 2018-12-11 19:41:12,478 - io.netty.util.internal.PlatformDependent0 -55   [main] DEBUG io.netty.util.internal.PlatformDependent0  - java.nio.Bits.unaligned: true
[framework] 2018-12-11 19:41:12,479 - io.netty.util.internal.PlatformDependent0 -56   [main] DEBUG io.netty.util.internal.PlatformDependent0  - java.nio.DirectByteBuffer.<init>(long, int): available
[framework] 2018-12-11 19:41:12,479 - io.netty.util.internal.PlatformDependent -56   [main] DEBUG io.netty.util.internal.PlatformDependent  - Java version: 8
[framework] 2018-12-11 19:41:12,480 - io.netty.util.internal.PlatformDependent -57   [main] DEBUG io.netty.util.internal.PlatformDependent  - -Dio.netty.noUnsafe: false
[framework] 2018-12-11 19:41:12,480 - io.netty.util.internal.PlatformDependent -57   [main] DEBUG io.netty.util.internal.PlatformDependent  - sun.misc.Unsafe: available
[framework] 2018-12-11 19:41:12,480 - io.netty.util.internal.PlatformDependent -57   [main] DEBUG io.netty.util.internal.PlatformDependent  - -Dio.netty.noJavassist: false
[framework] 2018-12-11 19:41:12,481 - io.netty.util.internal.PlatformDependent -58   [main] DEBUG io.netty.util.internal.PlatformDependent  - Javassist: unavailable
[framework] 2018-12-11 19:41:12,481 - io.netty.util.internal.PlatformDependent -58   [main] DEBUG io.netty.util.internal.PlatformDependent  - You don't have Javassist in your class path or you don't have enough permission to load dynamically generated classes.  Please check the configuration for better performance.
[framework] 2018-12-11 19:41:12,483 - io.netty.util.internal.PlatformDependent -60   [main] DEBUG io.netty.util.internal.PlatformDependent  - -Dio.netty.tmpdir: /var/folders/sm/8w6x0mln7tq4h7cjpsxvp50r0000gn/T (java.io.tmpdir)
[framework] 2018-12-11 19:41:12,483 - io.netty.util.internal.PlatformDependent -60   [main] DEBUG io.netty.util.internal.PlatformDependent  - -Dio.netty.bitMode: 64 (sun.arch.data.model)
[framework] 2018-12-11 19:41:12,483 - io.netty.util.internal.PlatformDependent -60   [main] DEBUG io.netty.util.internal.PlatformDependent  - -Dio.netty.noPreferDirect: false
[framework] 2018-12-11 19:41:12,483 - io.netty.util.internal.PlatformDependent -60   [main] DEBUG io.netty.util.internal.PlatformDependent  - io.netty.maxDirectMemory: 1908932608 bytes
[framework] 2018-12-11 19:41:12,507 - io.netty.channel.nio.NioEventLoop -84   [main] DEBUG io.netty.channel.nio.NioEventLoop  - -Dio.netty.noKeySetOptimization: false
[framework] 2018-12-11 19:41:12,507 - io.netty.channel.nio.NioEventLoop -84   [main] DEBUG io.netty.channel.nio.NioEventLoop  - -Dio.netty.selectorAutoRebuildThreshold: 512
[framework] 2018-12-11 19:41:12,575 - io.netty.channel.DefaultChannelId -152  [main] DEBUG io.netty.channel.DefaultChannelId  - -Dio.netty.processId: 14794 (auto-detected)
[framework] 2018-12-11 19:41:12,579 - io.netty.util.NetUtil -156  [main] DEBUG io.netty.util.NetUtil  - Loopback interface: lo0 (lo0, 0:0:0:0:0:0:0:1%lo0)
[framework] 2018-12-11 19:41:12,579 - io.netty.util.NetUtil -156  [main] DEBUG io.netty.util.NetUtil  - /proc/sys/net/core/somaxconn: 128 (non-existent)
[framework] 2018-12-11 19:41:12,582 - io.netty.channel.DefaultChannelId -159  [main] DEBUG io.netty.channel.DefaultChannelId  - -Dio.netty.machineId: 1c:36:bb:ff:fe:01:15:94 (auto-detected)
[framework] 2018-12-11 19:41:12,584 - io.netty.util.internal.ThreadLocalRandom -161  [main] DEBUG io.netty.util.internal.ThreadLocalRandom  - -Dio.netty.initialSeedUniquifier: 0xd1fdc31b25600e7e
[framework] 2018-12-11 19:41:12,602 - io.netty.util.ResourceLeakDetector -179  [main] DEBUG io.netty.util.ResourceLeakDetector  - -Dio.netty.leakDetection.level: simple
[framework] 2018-12-11 19:41:12,602 - io.netty.util.ResourceLeakDetector -179  [main] DEBUG io.netty.util.ResourceLeakDetector  - -Dio.netty.leakDetection.maxRecords: 4
[framework] 2018-12-11 19:41:12,636 - io.netty.buffer.PooledByteBufAllocator -213  [main] DEBUG io.netty.buffer.PooledByteBufAllocator  - -Dio.netty.allocator.numHeapArenas: 8
[framework] 2018-12-11 19:41:12,637 - io.netty.buffer.PooledByteBufAllocator -214  [main] DEBUG io.netty.buffer.PooledByteBufAllocator  - -Dio.netty.allocator.numDirectArenas: 8
[framework] 2018-12-11 19:41:12,637 - io.netty.buffer.PooledByteBufAllocator -214  [main] DEBUG io.netty.buffer.PooledByteBufAllocator  - -Dio.netty.allocator.pageSize: 8192
[framework] 2018-12-11 19:41:12,637 - io.netty.buffer.PooledByteBufAllocator -214  [main] DEBUG io.netty.buffer.PooledByteBufAllocator  - -Dio.netty.allocator.maxOrder: 11
[framework] 2018-12-11 19:41:12,637 - io.netty.buffer.PooledByteBufAllocator -214  [main] DEBUG io.netty.buffer.PooledByteBufAllocator  - -Dio.netty.allocator.chunkSize: 16777216
[framework] 2018-12-11 19:41:12,637 - io.netty.buffer.PooledByteBufAllocator -214  [main] DEBUG io.netty.buffer.PooledByteBufAllocator  - -Dio.netty.allocator.tinyCacheSize: 512
[framework] 2018-12-11 19:41:12,637 - io.netty.buffer.PooledByteBufAllocator -214  [main] DEBUG io.netty.buffer.PooledByteBufAllocator  - -Dio.netty.allocator.smallCacheSize: 256
[framework] 2018-12-11 19:41:12,637 - io.netty.buffer.PooledByteBufAllocator -214  [main] DEBUG io.netty.buffer.PooledByteBufAllocator  - -Dio.netty.allocator.normalCacheSize: 64
[framework] 2018-12-11 19:41:12,637 - io.netty.buffer.PooledByteBufAllocator -214  [main] DEBUG io.netty.buffer.PooledByteBufAllocator  - -Dio.netty.allocator.maxCachedBufferCapacity: 32768
[framework] 2018-12-11 19:41:12,637 - io.netty.buffer.PooledByteBufAllocator -214  [main] DEBUG io.netty.buffer.PooledByteBufAllocator  - -Dio.netty.allocator.cacheTrimInterval: 8192
[framework] 2018-12-11 19:41:12,646 - io.netty.buffer.ByteBufUtil -223  [main] DEBUG io.netty.buffer.ByteBufUtil  - -Dio.netty.allocator.type: pooled
[framework] 2018-12-11 19:41:12,647 - io.netty.buffer.ByteBufUtil -224  [main] DEBUG io.netty.buffer.ByteBufUtil  - -Dio.netty.threadLocalDirectBufferSize: 65536
[framework] 2018-12-11 19:41:12,647 - io.netty.buffer.ByteBufUtil -224  [main] DEBUG io.netty.buffer.ByteBufUtil  - -Dio.netty.maxThreadLocalCharBufferSize: 16384
[framework] 2018-12-11 19:41:12,676 - com.cyy.demo.Server.WebSocketServer -253  [nioEventLoopGroup-2-1] INFO  com.cyy.demo.Server.WebSocketServer  - webSocket started
